#
# A fatal error has been detected by the Java Runtime Environment:
#
#  SIGSEGV (0xb) at pc=0x0000000103baf2b0, pid=25653, tid=17155
#
# JRE version: Java(TM) SE Runtime Environment (8.0_25-b17) (build 1.8.0_25-b17)
# Java VM: Java HotSpot(TM) 64-Bit Server VM (25.25-b02 mixed mode bsd-amd64 compressed oops)
# Problematic frame:
# V  [libjvm.dylib+0x4232b0]
#
# Failed to write core dump. Core dumps have been disabled. To enable core dumping, try "ulimit -c unlimited" before starting Java again
#
# If you would like to submit a bug report, please visit:
#   http://bugreport.sun.com/bugreport/crash.jsp
#

---------------  T H R E A D  ---------------

Current thread (0x00007f80ea036800):  JavaThread "JDWP Transport Listener: dt_socket" daemon [_thread_in_vm, id=17155, stack(0x0000700000b3b000,0x0000700000c3b000)]

siginfo: si_signo: 11 (SIGSEGV), si_code: 0 (unknown), si_addr: 0x0000000000000000

Registers:
RAX=0x0000000000000001, RBX=0x0000700000c3aa8b, RCX=0x0000000103f62c80, RDX=0x0000700000c3aa8b
RSP=0x0000700000c3a9d0, RBP=0x0000700000c3a9e0, RSI=0x00007f80ea036800, RDI=0xa00007f80e8c54be
R8 =0x0000000000000000, R9 =0x00007f80e8c509f0, R10=0x0000000078d37eab, R11=0x00007f80e8c00000
R12=0x00007f80ea036800, R13=0xa00007f80e8c54be, R14=0xa00007f80e8c54be, R15=0x00007f80e8c17bd0
RIP=0x0000000103baf2b0, EFLAGS=0x0000000000010286, ERR=0x0000000000000000
  TRAPNO=0x000000000000000d

Top of Stack: (sp=0x0000700000c3a9d0)
0x0000700000c3a9d0:   0000700000c3aa8b 0000700000c3aa8b
0x0000700000c3a9e0:   0000700000c3aa40 0000000103ac126e
0x0000700000c3a9f0:   00007f80ea036800 0000000000000000
0x0000700000c3aa00:   0000000000000000 0000000000000000
0x0000700000c3aa10:   00007f80ea036800 00007f80ea036800
0x0000700000c3aa20:   0000700000c3aa8b 0000700000c3aa90
0x0000700000c3aa30:   a00007f80e8c54be 000000000000000c
0x0000700000c3aa40:   0000700000c3aa60 00000001047c67dc
0x0000700000c3aa50:   0000000000000001 0000700000c3ab08
0x0000700000c3aa60:   0000700000c3aad0 00000001047ab263
0x0000700000c3aa70:   0000700000c3aaa0 00007f80e8c3a5f0
0x0000700000c3aa80:   0000000d00000032 0000000100c3ab08
0x0000700000c3aa90:   0000000000000000 0000000000000000
0x0000700000c3aaa0:   0000000000000000 0000700000c3ac90
0x0000700000c3aab0:   00000001047cdeca 00007f80e8c51880
0x0000700000c3aac0:   0000700000c3ab08 00000001047d9588
0x0000700000c3aad0:   0000700000c3aae0 00000001047ab35c
0x0000700000c3aae0:   0000700000c3ad00 00000001047b48f6
0x0000700000c3aaf0:   0000f30600000013 00000000000f0200
0x0000700000c3ab00:   00007f80e8c42100 00007f80e8c56cee
0x0000700000c3ab10:   00007f800000008a 00007f80e8c518c0
0x0000700000c3ab20:   00007f800000012c 0000700000c3ab58
0x0000700000c3ab30:   00007f80e8c518c0 0000000000000000
0x0000700000c3ab40:   0000f306000002e1 0000000000000080
0x0000700000c3ab50:   0000000000000000 807f00000d000000
0x0000700000c3ab60:   0900000080a6c3e8 65766f73736f7263
0x0000700000c3ab70:   5629280300000072 0100000000000000
0x0000700000c3ab80:   90a6c3e8807f0000 696e693c06000000
0x0000700000c3ab90:   4928040000003e74 0000000000005629
0x0000700000c3aba0:   c3e8807f00000100 72700f00000098a6
0x0000700000c3abb0:   6c75706f50746e69 0000006e6f697461
0x0000700000c3abc0:   0000000056292803 807f000001000000 

Instructions: (pc=0x0000000103baf2b0)
0x0000000103baf290:   40 48 48 85 c0 75 e0 30 c0 0f b6 c0 5d c3 31 c0
0x0000000103baf2a0:   5d c3 55 48 89 e5 53 48 83 ec 08 48 85 ff 74 24
0x0000000103baf2b0:   48 8b 1f 48 85 db 74 1c 48 83 fb 37 74 16 48 8b
0x0000000103baf2c0:   03 48 89 df ff 50 10 84 c0 b8 00 00 00 00 48 0f 

Register to memory mapping:

RAX=0x0000000000000001 is an unknown value
RBX=0x0000700000c3aa8b is pointing into the stack for thread: 0x00007f80ea036800
RCX=0x0000000103f62c80: UseMembar+0 in /Library/Java/JavaVirtualMachines/jdk1.8.0_25.jdk/Contents/Home/jre/lib/server/libjvm.dylib at 0x000000010378c000
RDX=0x0000700000c3aa8b is pointing into the stack for thread: 0x00007f80ea036800
RSP=0x0000700000c3a9d0 is pointing into the stack for thread: 0x00007f80ea036800
RBP=0x0000700000c3a9e0 is pointing into the stack for thread: 0x00007f80ea036800
RSI=0x00007f80ea036800 is a thread
RDI=0xa00007f80e8c54be is an unknown value
R8 =0x0000000000000000 is an unknown value
R9 =0x00007f80e8c509f0 is an unknown value
R10=0x0000000078d37eab is an unknown value
R11=0x00007f80e8c00000 is an unknown value
R12=0x00007f80ea036800 is a thread
R13=0xa00007f80e8c54be is an unknown value
R14=0xa00007f80e8c54be is an unknown value
R15=0x00007f80e8c17bd0 is an unknown value


Stack: [0x0000700000b3b000,0x0000700000c3b000],  sp=0x0000700000c3a9d0,  free space=1022k
Native frames: (J=compiled Java code, j=interpreted, Vv=VM code, C=native code)
V  [libjvm.dylib+0x4232b0]
V  [libjvm.dylib+0x33526e]
C  [libjdwp.dylib+0x207dc]  isMethodSynthetic+0x63
C  [libjdwp.dylib+0x5263]  methods1+0x10b
C  [libjdwp.dylib+0x535c]  methodsWithGeneric+0xe
C  [libjdwp.dylib+0xe8f6]  debugLoop_run+0x1ce
C  [libjdwp.dylib+0x1f716]  attachThread+0x4d
V  [libjvm.dylib+0x3762ce]
V  [libjvm.dylib+0x535ed9]
V  [libjvm.dylib+0x53761c]
V  [libjvm.dylib+0x45d87e]
C  [libsystem_pthread.dylib+0x39b1]  _pthread_body+0x83
C  [libsystem_pthread.dylib+0x392e]  _pthread_body+0x0
C  [libsystem_pthread.dylib+0x1385]  thread_start+0xd
C  0x0000000000000000


---------------  P R O C E S S  ---------------

Java Threads: ( => current thread )
  0x00007f80e9822000 JavaThread "Service Thread" daemon [_thread_blocked, id=20227, stack(0x000070000114d000,0x000070000124d000)]
  0x00007f80e9821800 JavaThread "C1 CompilerThread2" daemon [_thread_blocked, id=19715, stack(0x000070000104a000,0x000070000114a000)]
  0x00007f80e9820800 JavaThread "C2 CompilerThread1" daemon [_thread_blocked, id=19203, stack(0x0000700000f47000,0x0000700001047000)]
  0x00007f80ea816000 JavaThread "C2 CompilerThread0" daemon [_thread_blocked, id=18691, stack(0x0000700000e44000,0x0000700000f44000)]
  0x00007f80ea048800 JavaThread "JDWP Command Reader" daemon [_thread_in_native, id=18179, stack(0x0000700000d41000,0x0000700000e41000)]
  0x00007f80ea048000 JavaThread "JDWP Event Helper Thread" daemon [_thread_blocked, id=17667, stack(0x0000700000c3e000,0x0000700000d3e000)]
=>0x00007f80ea036800 JavaThread "JDWP Transport Listener: dt_socket" daemon [_thread_in_vm, id=17155, stack(0x0000700000b3b000,0x0000700000c3b000)]
  0x00007f80e9038800 JavaThread "Signal Dispatcher" daemon [_thread_blocked, id=12815, stack(0x0000700000a38000,0x0000700000b38000)]
  0x00007f80e9023000 JavaThread "Finalizer" daemon [_thread_blocked, id=12291, stack(0x000070000082f000,0x000070000092f000)]
  0x00007f80e9022000 JavaThread "Reference Handler" daemon [_thread_blocked, id=11779, stack(0x000070000072c000,0x000070000082c000)]
  0x00007f80ea000000 JavaThread "main" [_thread_blocked, id=5891, stack(0x000070000011a000,0x000070000021a000)]

Other Threads:
  0x00007f80e980c800 VMThread [stack: 0x0000700000629000,0x0000700000729000] [id=11267]
  0x00007f80e9823000 WatcherThread [stack: 0x0000700001250000,0x0000700001350000] [id=20739]

VM state:not at safepoint (normal execution)

VM Mutex/Monitor currently owned by a thread: None

Heap:
 PSYoungGen      total 38400K, used 6656K [0x0000000795580000, 0x0000000798000000, 0x00000007c0000000)
  eden space 33280K, 20% used [0x0000000795580000,0x0000000795c00188,0x0000000797600000)
  from space 5120K, 0% used [0x0000000797b00000,0x0000000797b00000,0x0000000798000000)
  to   space 5120K, 0% used [0x0000000797600000,0x0000000797600000,0x0000000797b00000)
 ParOldGen       total 87552K, used 0K [0x0000000740000000, 0x0000000745580000, 0x0000000795580000)
  object space 87552K, 0% used [0x0000000740000000,0x0000000740000000,0x0000000745580000)
 Metaspace       used 4404K, capacity 5096K, committed 5120K, reserved 1056768K
  class space    used 462K, capacity 502K, committed 512K, reserved 1048576K

Card table byte_map: [0x00000001143c9000,0x00000001147ca000] byte_map_base: 0x00000001109c9000

Marking Bits: (ParMarkBitMap*) 0x0000000104029390
 Begin Bits: [0x0000000114a75000, 0x0000000116a75000)
 End Bits:   [0x0000000116a75000, 0x0000000118a75000)

Polling page: 0x00000001047a5000

CodeCache: size=245760Kb used=1754Kb max_used=1754Kb free=244005Kb
 bounds [0x0000000105009000, 0x0000000105279000, 0x0000000114009000]
 total_blobs=595 nmethods=332 adapters=186
 compilation: enabled

Compilation events (10 events):
Event: 0.812 Thread 0x00007f80e9821800  328       3       sun.misc.FDBigInteger::<init> (30 bytes)
Event: 0.812 Thread 0x00007f80e9821800 nmethod 328 0x00000001051bd650 code [0x00000001051bd7c0, 0x00000001051bd9e8]
Event: 108.715 Thread 0x00007f80e9821800  329       3       java.lang.Integer::stringSize (21 bytes)
Event: 108.715 Thread 0x00007f80e9821800 nmethod 329 0x00000001051bdad0 code [0x00000001051bdc40, 0x00000001051bde50]
Event: 108.716 Thread 0x00007f80e9821800  330       3       java.lang.Integer::getChars (131 bytes)
Event: 108.716 Thread 0x00007f80e9821800 nmethod 330 0x00000001051bdf90 code [0x00000001051be140, 0x00000001051be5d0]
Event: 153.999 Thread 0x00007f80e9821800  331       3       java.lang.Integer::toString (48 bytes)
Event: 154.000 Thread 0x00007f80e9821800 nmethod 331 0x00000001051bea50 code [0x00000001051bec20, 0x00000001051bf268]
Event: 154.001 Thread 0x00007f80e9821800  332       3       java.lang.Integer::toString (8 bytes)
Event: 154.001 Thread 0x00007f80e9821800 nmethod 332 0x00000001051bf610 code [0x00000001051bf780, 0x00000001051bf908]

GC Heap History (0 events):
No events

Deoptimization events (0 events):
No events

Internal exceptions (10 events):
Event: 0.352 Thread 0x00007f80ea000000 Exception <a 'java/security/PrivilegedActionException'> (0x0000000795977198) thrown at [/HUDSON3/workspace/8-2-build-macosx-x86_64/jdk8u25/1514/hotspot/src/share/vm/prims/jvm.cpp, line 1312]
Event: 0.366 Thread 0x00007f80ea000000 Exception <a 'java/security/PrivilegedActionException'> (0x00000007959a2790) thrown at [/HUDSON3/workspace/8-2-build-macosx-x86_64/jdk8u25/1514/hotspot/src/share/vm/prims/jvm.cpp, line 1312]
Event: 0.374 Thread 0x00007f80ea000000 Exception <a 'java/security/PrivilegedActionException'> (0x00000007959a69b0) thrown at [/HUDSON3/workspace/8-2-build-macosx-x86_64/jdk8u25/1514/hotspot/src/share/vm/prims/jvm.cpp, line 1312]
Event: 0.380 Thread 0x00007f80ea000000 Exception <a 'java/security/PrivilegedActionException'> (0x00000007959acf80) thrown at [/HUDSON3/workspace/8-2-build-macosx-x86_64/jdk8u25/1514/hotspot/src/share/vm/prims/jvm.cpp, line 1312]
Event: 0.521 Thread 0x00007f80ea000000 Exception <a 'java/lang/ClassNotFoundException': java/lang/Null> (0x0000000795a533a0) thrown at [/HUDSON3/workspace/8-2-build-macosx-x86_64/jdk8u25/1514/hotspot/src/share/vm/classfile/systemDictionary.cpp, line 202]
Event: 0.583 Thread 0x00007f80ea000000 Exception <a 'java/lang/NoSuchFieldError': method resolution failed> (0x0000000795ab7b48) thrown at [/HUDSON3/workspace/8-2-build-macosx-x86_64/jdk8u25/1514/hotspot/src/share/vm/prims/methodHandles.cpp, line 1159]
Event: 0.591 Thread 0x00007f80ea000000 Exception <a 'java/lang/NoSuchFieldError': method resolution failed> (0x0000000795ac6710) thrown at [/HUDSON3/workspace/8-2-build-macosx-x86_64/jdk8u25/1514/hotspot/src/share/vm/prims/methodHandles.cpp, line 1159]
Event: 0.601 Thread 0x00007f80ea000000 Exception <a 'java/lang/NoSuchFieldError': method resolution failed> (0x0000000795ac9870) thrown at [/HUDSON3/workspace/8-2-build-macosx-x86_64/jdk8u25/1514/hotspot/src/share/vm/prims/methodHandles.cpp, line 1159]
Event: 0.644 Thread 0x00007f80ea000000 Exception <a 'java/security/PrivilegedActionException'> (0x0000000795b25488) thrown at [/HUDSON3/workspace/8-2-build-macosx-x86_64/jdk8u25/1514/hotspot/src/share/vm/prims/jvm.cpp, line 1312]
Event: 0.645 Thread 0x00007f80ea000000 Exception <a 'java/security/PrivilegedActionException'> (0x0000000795b2b9b8) thrown at [/HUDSON3/workspace/8-2-build-macosx-x86_64/jdk8u25/1514/hotspot/src/share/vm/prims/jvm.cpp, line 1312]

Events (10 events):
Event: 2896.982 Executing VM operation: ForceSafepoint
Event: 2896.982 Executing VM operation: ForceSafepoint done
Event: 3429.566 Executing VM operation: GetOrSetLocal
Event: 3429.566 Executing VM operation: GetOrSetLocal done
Event: 4136.864 Executing VM operation: RedefineClasses
Event: 4136.868 Executing VM operation: RedefineClasses done
Event: 4136.870 Executing VM operation: GetOrSetLocal
Event: 4136.870 Executing VM operation: GetOrSetLocal done
Event: 4136.895 Executing VM operation: GetOrSetLocal
Event: 4136.895 Executing VM operation: GetOrSetLocal done


Dynamic libraries:
0x000000000c48f000 	/System/Library/Frameworks/Cocoa.framework/Versions/A/Cocoa
0x000000000c48f000 	/System/Library/Frameworks/Security.framework/Versions/A/Security
0x000000000c48f000 	/System/Library/Frameworks/ApplicationServices.framework/Versions/A/ApplicationServices
0x000000000c48f000 	/usr/lib/libz.1.dylib
0x000000000c48f000 	/usr/lib/libSystem.B.dylib
0x000000000c48f000 	/usr/lib/libobjc.A.dylib
0x000000000c48f000 	/System/Library/Frameworks/CoreFoundation.framework/Versions/A/CoreFoundation
0x000000000c48f000 	/System/Library/Frameworks/Foundation.framework/Versions/C/Foundation
0x000000000c48f000 	/System/Library/Frameworks/AppKit.framework/Versions/C/AppKit
0x000000000c48f000 	/System/Library/Frameworks/CoreData.framework/Versions/A/CoreData
0x000000000c48f000 	/System/Library/PrivateFrameworks/RemoteViewServices.framework/Versions/A/RemoteViewServices
0x000000000c48f000 	/System/Library/PrivateFrameworks/UIFoundation.framework/Versions/A/UIFoundation
0x000000000c48f000 	/usr/lib/libScreenReader.dylib
0x000000000c48f000 	/System/Library/Frameworks/Accelerate.framework/Versions/A/Accelerate
0x000000000c48f000 	/System/Library/Frameworks/IOSurface.framework/Versions/A/IOSurface
0x000000000c48f000 	/System/Library/Frameworks/AudioToolbox.framework/Versions/A/AudioToolbox
0x000000000c48f000 	/System/Library/Frameworks/AudioUnit.framework/Versions/A/AudioUnit
0x000000000c48f000 	/System/Library/PrivateFrameworks/DataDetectorsCore.framework/Versions/A/DataDetectorsCore
0x000000000c48f000 	/System/Library/PrivateFrameworks/DesktopServicesPriv.framework/Versions/A/DesktopServicesPriv
0x000000000c48f000 	/System/Library/Frameworks/Carbon.framework/Versions/A/Frameworks/HIToolbox.framework/Versions/A/HIToolbox
0x000000000c48f000 	/System/Library/Frameworks/QuartzCore.framework/Versions/A/QuartzCore
0x000000000c48f000 	/System/Library/Frameworks/Carbon.framework/Versions/A/Frameworks/SpeechRecognition.framework/Versions/A/SpeechRecognition
0x000000000c48f000 	/usr/lib/libauto.dylib
0x000000000c48f000 	/usr/lib/libicucore.A.dylib
0x000000000c48f000 	/usr/lib/libxml2.2.dylib
0x000000000c48f000 	/System/Library/PrivateFrameworks/CoreUI.framework/Versions/A/CoreUI
0x000000000c48f000 	/System/Library/Frameworks/CoreAudio.framework/Versions/A/CoreAudio
0x000000000c48f000 	/System/Library/Frameworks/DiskArbitration.framework/Versions/A/DiskArbitration
0x000000000c48f000 	/usr/lib/liblangid.dylib
0x000000000c48f000 	/System/Library/PrivateFrameworks/MultitouchSupport.framework/Versions/A/MultitouchSupport
0x000000000c48f000 	/System/Library/Frameworks/IOKit.framework/Versions/A/IOKit
0x000000000c48f000 	/usr/lib/libDiagnosticMessagesClient.dylib
0x000000000c48f000 	/System/Library/Frameworks/CoreServices.framework/Versions/A/CoreServices
0x000000000c48f000 	/System/Library/PrivateFrameworks/PerformanceAnalysis.framework/Versions/A/PerformanceAnalysis
0x000000000c48f000 	/System/Library/PrivateFrameworks/GenerationalStorage.framework/Versions/A/GenerationalStorage
0x000000000c48f000 	/System/Library/Frameworks/OpenGL.framework/Versions/A/OpenGL
0x000000000c48f000 	/System/Library/PrivateFrameworks/Sharing.framework/Versions/A/Sharing
0x000000000c48f000 	/System/Library/Frameworks/CoreGraphics.framework/Versions/A/CoreGraphics
0x000000000c48f000 	/System/Library/Frameworks/CoreImage.framework/Versions/A/CoreImage
0x000000000c48f000 	/System/Library/Frameworks/CoreText.framework/Versions/A/CoreText
0x000000000c48f000 	/System/Library/Frameworks/ImageIO.framework/Versions/A/ImageIO
0x000000000c48f000 	/System/Library/PrivateFrameworks/Backup.framework/Versions/A/Backup
0x000000000c48f000 	/usr/lib/libextension.dylib
0x000000000c48f000 	/usr/lib/libarchive.2.dylib
0x000000000c48f000 	/System/Library/Frameworks/CFNetwork.framework/Versions/A/CFNetwork
0x000000000c48f000 	/System/Library/Frameworks/SystemConfiguration.framework/Versions/A/SystemConfiguration
0x000000000c48f000 	/usr/lib/libCRFSuite.dylib
0x000000000c48f000 	/usr/lib/libc++.1.dylib
0x000000000c48f000 	/usr/lib/libc++abi.dylib
0x000000000c48f000 	/usr/lib/system/libcache.dylib
0x000000000c48f000 	/usr/lib/system/libcommonCrypto.dylib
0x000000000c48f000 	/usr/lib/system/libcompiler_rt.dylib
0x000000000c48f000 	/usr/lib/system/libcopyfile.dylib
0x000000000c48f000 	/usr/lib/system/libcorecrypto.dylib
0x000000000c48f000 	/usr/lib/system/libdispatch.dylib
0x000000000c48f000 	/usr/lib/system/libdyld.dylib
0x000000000c48f000 	/usr/lib/system/libkeymgr.dylib
0x000000000c48f000 	/usr/lib/system/liblaunch.dylib
0x000000000c48f000 	/usr/lib/system/libmacho.dylib
0x000000000c48f000 	/usr/lib/system/libquarantine.dylib
0x000000000c48f000 	/usr/lib/system/libremovefile.dylib
0x000000000c48f000 	/usr/lib/system/libsystem_asl.dylib
0x000000000c48f000 	/usr/lib/system/libsystem_blocks.dylib
0x000000000c48f000 	/usr/lib/system/libsystem_c.dylib
0x000000000c48f000 	/usr/lib/system/libsystem_configuration.dylib
0x000000000c48f000 	/usr/lib/system/libsystem_coreservices.dylib
0x000000000c48f000 	/usr/lib/system/libsystem_coretls.dylib
0x000000000c48f000 	/usr/lib/system/libsystem_dnssd.dylib
0x000000000c48f000 	/usr/lib/system/libsystem_info.dylib
0x000000000c48f000 	/usr/lib/system/libsystem_kernel.dylib
0x000000000c48f000 	/usr/lib/system/libsystem_m.dylib
0x000000000c48f000 	/usr/lib/system/libsystem_malloc.dylib
0x000000000c48f000 	/usr/lib/system/libsystem_network.dylib
0x000000000c48f000 	/usr/lib/system/libsystem_networkextension.dylib
0x000000000c48f000 	/usr/lib/system/libsystem_notify.dylib
0x000000000c48f000 	/usr/lib/system/libsystem_platform.dylib
0x000000000c48f000 	/usr/lib/system/libsystem_pthread.dylib
0x000000000c48f000 	/usr/lib/system/libsystem_sandbox.dylib
0x000000000c48f000 	/usr/lib/system/libsystem_secinit.dylib
0x000000000c48f000 	/usr/lib/system/libsystem_trace.dylib
0x000000000c48f000 	/usr/lib/system/libunc.dylib
0x000000000c48f000 	/usr/lib/system/libunwind.dylib
0x000000000c48f000 	/usr/lib/system/libxpc.dylib
0x000000000c48f000 	/usr/lib/libenergytrace.dylib
0x000000000c48f000 	/usr/lib/libbsm.0.dylib
0x000000000c48f000 	/usr/lib/system/libkxld.dylib
0x000000000c48f000 	/usr/lib/libxar.1.dylib
0x000000000c48f000 	/usr/lib/libsqlite3.dylib
0x000000000c48f000 	/usr/lib/libpam.2.dylib
0x000000000c48f000 	/usr/lib/libOpenScriptingUtil.dylib
0x000000000c48f000 	/usr/lib/libbz2.1.0.dylib
0x000000000c48f000 	/usr/lib/liblzma.5.dylib
0x000000000c48f000 	/System/Library/Frameworks/CoreServices.framework/Versions/A/Frameworks/FSEvents.framework/Versions/A/FSEvents
0x000000000c48f000 	/System/Library/Frameworks/CoreServices.framework/Versions/A/Frameworks/CarbonCore.framework/Versions/A/CarbonCore
0x000000000c48f000 	/System/Library/Frameworks/CoreServices.framework/Versions/A/Frameworks/Metadata.framework/Versions/A/Metadata
0x000000000c48f000 	/System/Library/Frameworks/CoreServices.framework/Versions/A/Frameworks/OSServices.framework/Versions/A/OSServices
0x000000000c48f000 	/System/Library/Frameworks/CoreServices.framework/Versions/A/Frameworks/SearchKit.framework/Versions/A/SearchKit
0x000000000c48f000 	/System/Library/Frameworks/CoreServices.framework/Versions/A/Frameworks/AE.framework/Versions/A/AE
0x000000000c48f000 	/System/Library/Frameworks/CoreServices.framework/Versions/A/Frameworks/LaunchServices.framework/Versions/A/LaunchServices
0x000000000c48f000 	/System/Library/Frameworks/CoreServices.framework/Versions/A/Frameworks/DictionaryServices.framework/Versions/A/DictionaryServices
0x000000000c48f000 	/System/Library/Frameworks/CoreServices.framework/Versions/A/Frameworks/SharedFileList.framework/Versions/A/SharedFileList
0x000000000c48f000 	/System/Library/Frameworks/NetFS.framework/Versions/A/NetFS
0x000000000c48f000 	/System/Library/PrivateFrameworks/NetAuth.framework/Versions/A/NetAuth
0x000000000c48f000 	/System/Library/PrivateFrameworks/login.framework/Versions/A/Frameworks/loginsupport.framework/Versions/A/loginsupport
0x000000000c48f000 	/System/Library/PrivateFrameworks/TCC.framework/Versions/A/TCC
0x000000000c48f000 	/usr/lib/libmecabra.dylib
0x000000000c48f000 	/System/Library/Frameworks/ApplicationServices.framework/Versions/A/Frameworks/ATS.framework/Versions/A/ATS
0x000000000c48f000 	/System/Library/Frameworks/ApplicationServices.framework/Versions/A/Frameworks/ColorSync.framework/Versions/A/ColorSync
0x000000000c48f000 	/System/Library/Frameworks/ApplicationServices.framework/Versions/A/Frameworks/HIServices.framework/Versions/A/HIServices
0x000000000c48f000 	/System/Library/Frameworks/ApplicationServices.framework/Versions/A/Frameworks/LangAnalysis.framework/Versions/A/LangAnalysis
0x000000000c48f000 	/System/Library/Frameworks/ApplicationServices.framework/Versions/A/Frameworks/PrintCore.framework/Versions/A/PrintCore
0x000000000c48f000 	/System/Library/Frameworks/ApplicationServices.framework/Versions/A/Frameworks/QD.framework/Versions/A/QD
0x000000000c48f000 	/System/Library/Frameworks/ApplicationServices.framework/Versions/A/Frameworks/SpeechSynthesis.framework/Versions/A/SpeechSynthesis
0x000000000c48f000 	/System/Library/Frameworks/Metal.framework/Versions/A/Metal
0x000000000c48f000 	/System/Library/Frameworks/Accelerate.framework/Versions/A/Frameworks/vImage.framework/Versions/A/vImage
0x000000000c48f000 	/System/Library/Frameworks/Accelerate.framework/Versions/A/Frameworks/vecLib.framework/Versions/A/vecLib
0x000000000c48f000 	/System/Library/Frameworks/Accelerate.framework/Versions/A/Frameworks/vecLib.framework/Versions/A/libvDSP.dylib
0x000000000c48f000 	/System/Library/Frameworks/Accelerate.framework/Versions/A/Frameworks/vecLib.framework/Versions/A/libvMisc.dylib
0x000000000c48f000 	/System/Library/Frameworks/Accelerate.framework/Versions/A/Frameworks/vecLib.framework/Versions/A/libLAPACK.dylib
0x000000000c48f000 	/System/Library/Frameworks/Accelerate.framework/Versions/A/Frameworks/vecLib.framework/Versions/A/libBLAS.dylib
0x000000000c48f000 	/System/Library/Frameworks/Accelerate.framework/Versions/A/Frameworks/vecLib.framework/Versions/A/libLinearAlgebra.dylib
0x000000000c48f000 	/System/Library/Frameworks/Accelerate.framework/Versions/A/Frameworks/vecLib.framework/Versions/A/libSparseBLAS.dylib
0x000000000c48f000 	/System/Library/PrivateFrameworks/GPUCompiler.framework/libmetal_timestamp.dylib
0x000000000c48f000 	/System/Library/Frameworks/OpenGL.framework/Versions/A/Libraries/libCoreFSCache.dylib
0x000000000c48f000 	/System/Library/PrivateFrameworks/IOAccelerator.framework/Versions/A/IOAccelerator
0x000000000c48f000 	/System/Library/Frameworks/ApplicationServices.framework/Versions/A/Frameworks/ATS.framework/Versions/A/Resources/libFontParser.dylib
0x000000000c48f000 	/System/Library/Frameworks/ApplicationServices.framework/Versions/A/Frameworks/ATS.framework/Versions/A/Resources/libFontRegistry.dylib
0x000000000c48f000 	/System/Library/PrivateFrameworks/AppleVPA.framework/Versions/A/AppleVPA
0x000000000c48f000 	/System/Library/PrivateFrameworks/AppleJPEG.framework/Versions/A/AppleJPEG
0x000000000c48f000 	/System/Library/Frameworks/ImageIO.framework/Versions/A/Resources/libJPEG.dylib
0x000000000c48f000 	/System/Library/Frameworks/ImageIO.framework/Versions/A/Resources/libTIFF.dylib
0x000000000c48f000 	/System/Library/Frameworks/ImageIO.framework/Versions/A/Resources/libPng.dylib
0x000000000c48f000 	/System/Library/Frameworks/ImageIO.framework/Versions/A/Resources/libGIF.dylib
0x000000000c48f000 	/System/Library/Frameworks/ImageIO.framework/Versions/A/Resources/libJP2.dylib
0x000000000c48f000 	/System/Library/Frameworks/ImageIO.framework/Versions/A/Resources/libRadiance.dylib
0x000000000c48f000 	/System/Library/Frameworks/CoreVideo.framework/Versions/A/CoreVideo
0x000000000c48f000 	/System/Library/Frameworks/OpenGL.framework/Versions/A/Libraries/libGLU.dylib
0x000000000c48f000 	/System/Library/Frameworks/OpenGL.framework/Versions/A/Libraries/libGFXShared.dylib
0x000000000c48f000 	/System/Library/Frameworks/OpenGL.framework/Versions/A/Libraries/libGL.dylib
0x000000000c48f000 	/System/Library/Frameworks/OpenGL.framework/Versions/A/Libraries/libGLImage.dylib
0x000000000c48f000 	/System/Library/Frameworks/OpenGL.framework/Versions/A/Libraries/libCVMSPluginSupport.dylib
0x000000000c48f000 	/System/Library/Frameworks/OpenGL.framework/Versions/A/Libraries/libCoreVMClient.dylib
0x000000000c48f000 	/usr/lib/libcups.2.dylib
0x000000000c48f000 	/System/Library/Frameworks/Kerberos.framework/Versions/A/Kerberos
0x000000000c48f000 	/System/Library/Frameworks/GSS.framework/Versions/A/GSS
0x000000000c48f000 	/usr/lib/libresolv.9.dylib
0x000000000c48f000 	/usr/lib/libiconv.2.dylib
0x000000000c48f000 	/System/Library/PrivateFrameworks/Heimdal.framework/Versions/A/Heimdal
0x000000000c48f000 	/usr/lib/libheimdal-asn1.dylib
0x000000000c48f000 	/System/Library/Frameworks/OpenDirectory.framework/Versions/A/OpenDirectory
0x000000000c48f000 	/System/Library/PrivateFrameworks/CommonAuth.framework/Versions/A/CommonAuth
0x000000000c48f000 	/System/Library/Frameworks/OpenDirectory.framework/Versions/A/Frameworks/CFOpenDirectory.framework/Versions/A/CFOpenDirectory
0x000000000c48f000 	/System/Library/Frameworks/SecurityFoundation.framework/Versions/A/SecurityFoundation
0x000000000c48f000 	/System/Library/PrivateFrameworks/LanguageModeling.framework/Versions/A/LanguageModeling
0x000000000c48f000 	/usr/lib/libmarisa.dylib
0x000000000c48f000 	/usr/lib/libChineseTokenizer.dylib
0x000000000c48f000 	/usr/lib/libcmph.dylib
0x000000000c48f000 	/usr/lib/libcompression.dylib
0x000000000c48f000 	/System/Library/Frameworks/ServiceManagement.framework/Versions/A/ServiceManagement
0x000000000c48f000 	/usr/lib/libxslt.1.dylib
0x000000000c48f000 	/System/Library/Frameworks/Carbon.framework/Versions/A/Frameworks/Ink.framework/Versions/A/Ink
0x000000000c48f000 	/usr/lib/libFosl_dynamic.dylib
0x000000000c48f000 	/System/Library/PrivateFrameworks/FaceCore.framework/Versions/A/FaceCore
0x000000000c48f000 	/System/Library/Frameworks/OpenCL.framework/Versions/A/OpenCL
0x000000000c48f000 	/System/Library/PrivateFrameworks/CrashReporterSupport.framework/Versions/A/CrashReporterSupport
0x000000000c48f000 	/System/Library/PrivateFrameworks/IconServices.framework/Versions/A/IconServices
0x000000000c48f000 	/System/Library/PrivateFrameworks/Apple80211.framework/Versions/A/Apple80211
0x000000000c48f000 	/System/Library/Frameworks/CoreWLAN.framework/Versions/A/CoreWLAN
0x000000000c48f000 	/System/Library/Frameworks/IOBluetooth.framework/Versions/A/IOBluetooth
0x000000000c48f000 	/System/Library/PrivateFrameworks/CoreWiFi.framework/Versions/A/CoreWiFi
0x000000000c48f000 	/System/Library/Frameworks/CoreBluetooth.framework/Versions/A/CoreBluetooth
0x000000000c48f000 	/System/Library/PrivateFrameworks/ChunkingLibrary.framework/Versions/A/ChunkingLibrary
0x000000000c48f000 	/System/Library/PrivateFrameworks/DebugSymbols.framework/Versions/A/DebugSymbols
0x000000000c48f000 	/System/Library/PrivateFrameworks/CoreSymbolication.framework/Versions/A/CoreSymbolication
0x000000000c48f000 	/System/Library/PrivateFrameworks/Symbolication.framework/Versions/A/Symbolication
0x000000000c48f000 	/System/Library/PrivateFrameworks/SpeechRecognitionCore.framework/Versions/A/SpeechRecognitionCore
0x000000010378c000 	/Library/Java/JavaVirtualMachines/jdk1.8.0_25.jdk/Contents/Home/jre/lib/server/libjvm.dylib
0x00000001046a8000 	/usr/lib/libstdc++.6.dylib
0x0000000104763000 	/Library/Java/JavaVirtualMachines/jdk1.8.0_25.jdk/Contents/Home/jre/lib/libverify.dylib
0x0000000104771000 	/Library/Java/JavaVirtualMachines/jdk1.8.0_25.jdk/Contents/Home/jre/lib/libjava.dylib
0x00000001047a6000 	/Library/Java/JavaVirtualMachines/jdk1.8.0_25.jdk/Contents/Home/jre/lib/libjdwp.dylib
0x00000001047f1000 	/Library/Java/JavaVirtualMachines/jdk1.8.0_25.jdk/Contents/Home/jre/lib/libnpt.dylib
0x0000000105000000 	/Library/Java/JavaVirtualMachines/jdk1.8.0_25.jdk/Contents/Home/jre/lib/libzip.dylib
0x000000011a968000 	/System/Library/Frameworks/JavaVM.framework/Frameworks/JavaRuntimeSupport.framework/JavaRuntimeSupport
0x000000011a983000 	/System/Library/Frameworks/JavaVM.framework/Versions/A/Frameworks/JavaNativeFoundation.framework/Versions/A/JavaNativeFoundation
0x000000011a998000 	/System/Library/Frameworks/JavaVM.framework/Versions/A/JavaVM
0x000000000c48f000 	/System/Library/Frameworks/Carbon.framework/Versions/A/Carbon
0x000000011a9a5000 	/System/Library/PrivateFrameworks/JavaLaunching.framework/Versions/A/JavaLaunching
0x000000000c48f000 	/System/Library/Frameworks/Carbon.framework/Versions/A/Frameworks/CommonPanels.framework/Versions/A/CommonPanels
0x000000000c48f000 	/System/Library/Frameworks/Carbon.framework/Versions/A/Frameworks/Help.framework/Versions/A/Help
0x000000000c48f000 	/System/Library/Frameworks/Carbon.framework/Versions/A/Frameworks/ImageCapture.framework/Versions/A/ImageCapture
0x000000000c48f000 	/System/Library/Frameworks/Carbon.framework/Versions/A/Frameworks/OpenScripting.framework/Versions/A/OpenScripting
0x000000000c48f000 	/System/Library/Frameworks/Carbon.framework/Versions/A/Frameworks/Print.framework/Versions/A/Print
0x000000000c48f000 	/System/Library/Frameworks/Carbon.framework/Versions/A/Frameworks/SecurityHI.framework/Versions/A/SecurityHI
0x000000011c2c6000 	/Library/Java/JavaVirtualMachines/jdk1.8.0_25.jdk/Contents/Home/jre/lib/libdt_socket.dylib

VM Arguments:
jvm_args: -agentlib:jdwp=transport=dt_socket,address=127.0.0.1:52866,suspend=y,server=n -Dfile.encoding=UTF-8 
java_command: com.company.Main
java_class_path (initial): /Library/Java/JavaVirtualMachines/jdk1.8.0_25.jdk/Contents/Home/jre/lib/charsets.jar:/Library/Java/JavaVirtualMachines/jdk1.8.0_25.jdk/Contents/Home/jre/lib/deploy.jar:/Library/Java/JavaVirtualMachines/jdk1.8.0_25.jdk/Contents/Home/jre/lib/ext/cldrdata.jar:/Library/Java/JavaVirtualMachines/jdk1.8.0_25.jdk/Contents/Home/jre/lib/ext/dnsns.jar:/Library/Java/JavaVirtualMachines/jdk1.8.0_25.jdk/Contents/Home/jre/lib/ext/jfxrt.jar:/Library/Java/JavaVirtualMachines/jdk1.8.0_25.jdk/Contents/Home/jre/lib/ext/localedata.jar:/Library/Java/JavaVirtualMachines/jdk1.8.0_25.jdk/Contents/Home/jre/lib/ext/nashorn.jar:/Library/Java/JavaVirtualMachines/jdk1.8.0_25.jdk/Contents/Home/jre/lib/ext/sunec.jar:/Library/Java/JavaVirtualMachines/jdk1.8.0_25.jdk/Contents/Home/jre/lib/ext/sunjce_provider.jar:/Library/Java/JavaVirtualMachines/jdk1.8.0_25.jdk/Contents/Home/jre/lib/ext/sunpkcs11.jar:/Library/Java/JavaVirtualMachines/jdk1.8.0_25.jdk/Contents/Home/jre/lib/ext/zipfs.jar:/Library/Java/JavaVirtualMachines/jdk1.8.0_25.jdk/Contents/Home/jre/lib/javaws.jar:/Library/Java/JavaVirtualMachines/jdk1.8.0_25.jdk/Contents/Home/jre/lib/jce.jar:/Library/Java/JavaVirtualMachines/jdk1.8.0_25.jdk/Contents/Home/jre/lib/jfr.jar:/Library/Java/JavaVirtualMachines/jdk1.8.0_25.jdk/Contents/Home/jre/lib/jfxswt.jar:/Library/Java/JavaVirtualMachines/jdk1.8.0_25.jdk/Contents/Home/jre/lib/jsse.jar:/Library/Java/JavaVirtualMachines/jdk1.8.0_25.jdk/Contents/Home/jre/lib/management-agent.jar:/Library/Java/JavaVirtualMachines/jdk1.8.0_25.jdk/Contents/Home/jre/lib/plugin.jar:/Library/Java/JavaVirtualMachines/jdk1.8.0_25.jdk/Contents/Home/jre/lib/resources.jar:/Library/Java/JavaVirtualMachines/jdk1.8.0_25.jdk/Contents/Home/jre/lib/rt.jar:/Library/Java/JavaVirtualMachines/jdk1.8.0_25.jdk/Contents/Home/lib/ant-javafx.jar:/Library/Java/JavaVirtualMachines/jdk1.8.0_25.jdk/Contents/Home/lib/dt.jar:/Library/Java/JavaVirtualMachines/jdk1.8.0_25.jdk/Contents/Home/lib/javafx-mx.jar:/Library/Java/Jav
Launcher Type: SUN_STANDARD

Environment Variables:
PATH=/usr/bin:/bin:/usr/sbin:/sbin
SHELL=/bin/zsh

Signal Handlers:
SIGSEGV: [libjvm.dylib+0x579dc7], sa_mask[0]=11111111011111110111111111111111, sa_flags=SA_ONSTACK|SA_RESTART|SA_SIGINFO
SIGBUS: [libjvm.dylib+0x579dc7], sa_mask[0]=11111111011111110111111111111111, sa_flags=SA_RESTART|SA_SIGINFO
SIGFPE: [libjvm.dylib+0x45b030], sa_mask[0]=11111111011111110111111111111111, sa_flags=SA_RESTART|SA_SIGINFO
SIGPIPE: [libjvm.dylib+0x45b030], sa_mask[0]=11111111011111110111111111111111, sa_flags=SA_RESTART|SA_SIGINFO
SIGXFSZ: [libjvm.dylib+0x45b030], sa_mask[0]=11111111011111110111111111111111, sa_flags=SA_RESTART|SA_SIGINFO
SIGILL: [libjvm.dylib+0x45b030], sa_mask[0]=11111111011111110111111111111111, sa_flags=SA_RESTART|SA_SIGINFO
SIGUSR1: SIG_DFL, sa_mask[0]=00000000000000000000000000000000, sa_flags=none
SIGUSR2: [libjvm.dylib+0x45ab4e], sa_mask[0]=00100000000000000000000000000000, sa_flags=SA_RESTART|SA_SIGINFO
SIGHUP: [libjvm.dylib+0x459121], sa_mask[0]=11111111011111110111111111111111, sa_flags=SA_RESTART|SA_SIGINFO
SIGINT: [libjvm.dylib+0x459121], sa_mask[0]=11111111011111110111111111111111, sa_flags=SA_RESTART|SA_SIGINFO
SIGTERM: [libjvm.dylib+0x459121], sa_mask[0]=11111111011111110111111111111111, sa_flags=SA_RESTART|SA_SIGINFO
SIGQUIT: [libjvm.dylib+0x459121], sa_mask[0]=11111111011111110111111111111111, sa_flags=SA_RESTART|SA_SIGINFO


---------------  S Y S T E M  ---------------

OS:Bsduname:Darwin 15.0.0 Darwin Kernel Version 15.0.0: Sat Sep 19 15:53:46 PDT 2015; root:xnu-3247.10.11~1/RELEASE_X86_64 x86_64
rlimit: STACK 8192k, CORE 0k, NPROC 709, NOFILE 10240, AS infinity
load average:3.41 3.73 3.77

CPU:total 4 (2 cores per cpu, 2 threads per core) family 6 model 58 stepping 9, cmov, cx8, fxsr, mmx, sse, sse2, sse3, ssse3, sse4.1, sse4.2, popcnt, avx, aes, clmul, erms, ht, tsc, tscinvbit, tscinv

Memory: 4k page, physical 8388608k(1122844k free)

/proc/meminfo:


vm_info: Java HotSpot(TM) 64-Bit Server VM (25.25-b02) for bsd-amd64 JRE (1.8.0_25-b17), built on Sep 17 2014 16:56:50 by "java_re" with gcc 4.2.1 (Based on Apple Inc. build 5658) (LLVM build 2336.11.00)

time: Mon Nov 23 21:51:34 2015
elapsed time: 4136 seconds (0d 1h 8m 56s)

